<?xml version="1.0" encoding="UTF-8"?>
<!-- Generated by org.testng.reporters.JUnitXMLReporter -->
<testsuite ignored="0" hostname="QT-INBG-LT1026" failures="0" tests="3" name="Test" time="20.229" errors="0" timestamp="2022-09-19T16:39:50 IST">
  <testcase classname="Pomproject.Pomproject.PsignupTest" name="registerButton" time="6.856"/>
  <testcase classname="Pomproject.Pomproject.PsigninTest" name="setup" time="6.37"/>
  <testcase classname="Pomproject.Pomproject.PcontactusTest" name="setup" time="6.965"/>
</testsuite> <!-- Test -->
