<?xml version="1.0" encoding="UTF-8"?>
<testng-results ignored="0" total="3" passed="3" failed="0" skipped="0">
  <reporter-output>
  </reporter-output>
  <suite started-at="2022-09-19T16:39:30 IST" name="Suite" finished-at="2022-09-19T16:39:50 IST" duration-ms="20229">
    <groups>
    </groups>
    <test started-at="2022-09-19T16:39:30 IST" name="Test" finished-at="2022-09-19T16:39:50 IST" duration-ms="20229">
      <class name="Pomproject.Pomproject.PsignupTest">
        <test-method signature="registerButton()[pri:0, instance:Pomproject.Pomproject.PsignupTest@3059cbc]" started-at="2022-09-19T16:39:30 IST" name="registerButton" finished-at="2022-09-19T16:39:36 IST" duration-ms="6856" status="PASS">
          <reporter-output>
          </reporter-output>
        </test-method> <!-- registerButton -->
      </class> <!-- Pomproject.Pomproject.PsignupTest -->
      <class name="Pomproject.Pomproject.PsigninTest">
        <test-method signature="setup()[pri:0, instance:Pomproject.Pomproject.PsigninTest@fa49800]" started-at="2022-09-19T16:39:36 IST" name="setup" finished-at="2022-09-19T16:39:43 IST" duration-ms="6370" status="PASS">
          <reporter-output>
          </reporter-output>
        </test-method> <!-- setup -->
      </class> <!-- Pomproject.Pomproject.PsigninTest -->
      <class name="Pomproject.Pomproject.PcontactusTest">
        <test-method signature="setup()[pri:0, instance:Pomproject.Pomproject.PcontactusTest@71238fc2]" started-at="2022-09-19T16:39:43 IST" name="setup" finished-at="2022-09-19T16:39:50 IST" duration-ms="6965" status="PASS">
          <reporter-output>
          </reporter-output>
        </test-method> <!-- setup -->
      </class> <!-- Pomproject.Pomproject.PcontactusTest -->
    </test> <!-- Test -->
  </suite> <!-- Suite -->
</testng-results>
